<?xml version="1.0" encoding="UTF-8"?>
<!-- Generated by org.testng.reporters.JUnitReportReporter -->
<testsuite hostname="Akram-Saw" failures="0" tests="1" name="testCases.FileUploadDemoMethode2" time="16.308" errors="0" timestamp="14 Sep 2021 23:03:55 GMT">
  <testcase classname="testCases.FileUploadDemoMethode2" name="robotTest" time="16.308"/>
</testsuite> <!-- testCases.FileUploadDemoMethode2 -->
